<?xml version="1.0" encoding="UTF-8"?>
<!-- Generated by org.testng.reporters.JUnitReportReporter -->
<testsuite hostname="DESKTOP-MJ9MOU3" failures="0" tests="3" name="LearnReports.ReportforAllTCs" time="0.029" errors="0" timestamp="2025-02-14T17:51:12 IST" skipped="0">
  <testcase classname="LearnReports.ReportforAllTCs" name="createContactTest2" time="0.002"/>
  <testcase classname="LearnReports.ReportforAllTCs" name="createContactTest" time="0.024"/>
  <testcase classname="LearnReports.ReportforAllTCs" name="createContactTest3" time="0.003"/>
</testsuite> <!-- LearnReports.ReportforAllTCs -->
