<?xml version="1.0" encoding="UTF-8"?>
<!-- Generated by org.testng.reporters.JUnitReportReporter -->
<testsuite hostname="DESKTOP-MJ9MOU3" failures="0" tests="1" name="LearnReports.SampleReportTest" time="0.830" errors="0" timestamp="2025-02-14T16:58:37 IST" skipped="0">
  <testcase classname="LearnReports.SampleReportTest" name="createContactTest" time="0.830"/>
</testsuite> <!-- LearnReports.SampleReportTest -->
