<?xml version="1.0" encoding="UTF-8"?>
<!-- Generated by org.testng.reporters.JUnitReportReporter -->
<testsuite hostname="DESKTOP-MJ9MOU3" failures="0" tests="1" name="CreateOrganization.Practice" time="0.909" errors="0" timestamp="2025-02-17T13:23:13 IST" skipped="0">
  <testcase classname="CreateOrganization.Practice" name="readDaat" time="0.909"/>
</testsuite> <!-- CreateOrganization.Practice -->
