<?xml version="1.0" encoding="UTF-8"?>
<!-- Generated by org.testng.reporters.JUnitReportReporter -->
<testsuite hostname="DESKTOP-MJ9MOU3" failures="0" tests="3" name="LearnReports.ReportWithScreenshot" time="2.755" errors="0" timestamp="2025-02-14T18:06:20 IST" skipped="0">
  <testcase classname="LearnReports.ReportWithScreenshot" name="createContactTest3" time="2.727"/>
  <testcase classname="LearnReports.ReportWithScreenshot" name="createContactTest" time="0.025"/>
  <testcase classname="LearnReports.ReportWithScreenshot" name="createContactTest2" time="0.003"/>
</testsuite> <!-- LearnReports.ReportWithScreenshot -->
