<?xml version="1.0" encoding="UTF-8"?>
<!-- Generated by org.testng.reporters.JUnitReportReporter -->
<testsuite hostname="DESKTOP-MJ9MOU3" failures="0" tests="3" name="LearnTestngExecution.LearnTestngBatchAndParallelExecution2" time="8.438" errors="0" timestamp="2025-02-12T17:30:39 IST" skipped="0">
  <testcase classname="LearnTestngExecution.LearnTestngBatchAndParallelExecution2" name="Sample6" time="3.257"/>
  <testcase classname="LearnTestngExecution.LearnTestngBatchAndParallelExecution2" name="Sample4" time="2.692"/>
  <testcase classname="LearnTestngExecution.LearnTestngBatchAndParallelExecution2" name="Sample5" time="2.489"/>
</testsuite> <!-- LearnTestngExecution.LearnTestngBatchAndParallelExecution2 -->
