<?xml version="1.0" encoding="UTF-8"?>
<!-- Generated by org.testng.reporters.JUnitReportReporter -->
<testsuite hostname="DESKTOP-MJ9MOU3" failures="0" tests="3" name="LearnTestngExecution.LearnTestngBatchAndParallelExecution1" time="8.668" errors="0" timestamp="2025-02-12T17:30:39 IST" skipped="0">
  <testcase classname="LearnTestngExecution.LearnTestngBatchAndParallelExecution1" name="Sample1" time="3.337"/>
  <testcase classname="LearnTestngExecution.LearnTestngBatchAndParallelExecution1" name="Sample3" time="2.863"/>
  <testcase classname="LearnTestngExecution.LearnTestngBatchAndParallelExecution1" name="Sample2" time="2.468"/>
</testsuite> <!-- LearnTestngExecution.LearnTestngBatchAndParallelExecution1 -->
